<?xml version="1.0" encoding="UTF-8"?>
<!-- Generated by org.testng.reporters.JUnitReportReporter -->
<testsuite skipped="0" hostname="DESKTOP-NJPJ0R9" name="com.purpleAdmin.qa.testcases.WebHamburgerPageTestCases" tests="9" failures="0" timestamp="12 Aug 2020 11:50:10 GMT" time="301.957" errors="0">
  <testcase name="validateSendFeedback" time="39.494" classname="com.purpleAdmin.qa.testcases.WebHamburgerPageTestCases"/>
  <testcase name="validateDownloadMobileApp" time="39.840" classname="com.purpleAdmin.qa.testcases.WebHamburgerPageTestCases"/>
  <testcase name="validateFAQsBtn" time="25.650" classname="com.purpleAdmin.qa.testcases.WebHamburgerPageTestCases"/>
  <testcase name="validateClearRouteBtn" time="35.705" classname="com.purpleAdmin.qa.testcases.WebHamburgerPageTestCases"/>
  <testcase name="validateAppOverviewBtn" time="36.713" classname="com.purpleAdmin.qa.testcases.WebHamburgerPageTestCases"/>
  <testcase name="validatePrivacyPolicyBtn" time="33.379" classname="com.purpleAdmin.qa.testcases.WebHamburgerPageTestCases"/>
  <testcase name="validateSubmitFeedbackBtn" time="28.880" classname="com.purpleAdmin.qa.testcases.WebHamburgerPageTestCases"/>
  <testcase name="validateEULABtn" time="32.493" classname="com.purpleAdmin.qa.testcases.WebHamburgerPageTestCases"/>
  <testcase name="validateEventCaledar" time="29.803" classname="com.purpleAdmin.qa.testcases.WebHamburgerPageTestCases"/>
</testsuite> <!-- com.purpleAdmin.qa.testcases.WebHamburgerPageTestCases -->
