<?xml version="1.0" encoding="UTF-8"?>
<!-- Generated by org.testng.reporters.JUnitReportReporter -->
<testsuite skipped="1" hostname="DESKTOP-NJPJ0R9" name="com.purpleAdmin.qa.testcases.WebNavigationDirectionsTestCases" tests="1" failures="0" timestamp="13 Jul 2020 07:20:34 GMT" time="0.000" errors="0">
  <testcase name="ValidateDirectoryInternalSearch" time="0.000" classname="com.purpleAdmin.qa.testcases.WebNavigationDirectionsTestCases">
    <skipped/>
  </testcase> <!-- ValidateDirectoryInternalSearch -->
</testsuite> <!-- com.purpleAdmin.qa.testcases.WebNavigationDirectionsTestCases -->
