<?xml version="1.0" encoding="UTF-8"?>
<!-- Generated by org.testng.reporters.JUnitReportReporter -->
<testsuite skipped="0" hostname="DESKTOP-NJPJ0R9" name="com.purpleAdmin.qa.testcases.WebNavigationDirectionsTestCases" tests="1" failures="0" timestamp="08 Jul 2020 12:17:24 GMT" time="27.067" errors="0">
  <testcase name="ValidateDirectoryInternalSearch" time="27.067" classname="com.purpleAdmin.qa.testcases.WebNavigationDirectionsTestCases"/>
</testsuite> <!-- com.purpleAdmin.qa.testcases.WebNavigationDirectionsTestCases -->
