<?xml version="1.0" encoding="UTF-8"?>
<!-- Generated by org.testng.reporters.JUnitReportReporter -->
<testsuite skipped="0" hostname="DESKTOP-NJPJ0R9" name="com.purpleAdmin.qa.testcases.WebNavigationDirectionsTestCases" tests="5" failures="0" timestamp="12 Aug 2020 07:14:57 GMT" time="319.093" errors="0">
  <testcase name="validateOnsiteDirections" time="31.403" classname="com.purpleAdmin.qa.testcases.WebNavigationDirectionsTestCases"/>
  <testcase name="validateOnsiteOffsiteDirections" time="53.169" classname="com.purpleAdmin.qa.testcases.WebNavigationDirectionsTestCases"/>
  <testcase name="validateOffsiteOnsiteDirections" time="47.673" classname="com.purpleAdmin.qa.testcases.WebNavigationDirectionsTestCases"/>
  <testcase name="validateGoogleResults" time="150.913" classname="com.purpleAdmin.qa.testcases.WebNavigationDirectionsTestCases"/>
  <testcase name="validateReverseDirections" time="35.935" classname="com.purpleAdmin.qa.testcases.WebNavigationDirectionsTestCases"/>
</testsuite> <!-- com.purpleAdmin.qa.testcases.WebNavigationDirectionsTestCases -->
