<?xml version="1.0" encoding="UTF-8"?>
<!-- Generated by org.testng.reporters.JUnitReportReporter -->
<testsuite skipped="0" hostname="DESKTOP-NJPJ0R9" name="com.purpleAdmin.qa.testcases.WebHamburgerPageTestCases" tests="5" failures="0" timestamp="15 Jul 2020 11:28:40 GMT" time="138.739" errors="0">
  <testcase name="validateSubmitFeedbackBtn" time="21.949" classname="com.purpleAdmin.qa.testcases.WebHamburgerPageTestCases"/>
  <testcase name="validateFAQsBtn" time="24.318" classname="com.purpleAdmin.qa.testcases.WebHamburgerPageTestCases"/>
  <testcase name="validatePrivacyPolicyBtn" time="29.952" classname="com.purpleAdmin.qa.testcases.WebHamburgerPageTestCases"/>
  <testcase name="validateEULABtn" time="26.850" classname="com.purpleAdmin.qa.testcases.WebHamburgerPageTestCases"/>
  <testcase name="validateAppOverviewBtn" time="35.670" classname="com.purpleAdmin.qa.testcases.WebHamburgerPageTestCases"/>
</testsuite> <!-- com.purpleAdmin.qa.testcases.WebHamburgerPageTestCases -->
