<?xml version="1.0" encoding="UTF-8"?>
<!-- Generated by org.testng.reporters.JUnitReportReporter -->
<testsuite skipped="0" hostname="DESKTOP-NJPJ0R9" name="com.purpleAdmin.qa.testcases.WebEmailPrintTestCases" tests="2" failures="0" timestamp="21 Jul 2020 15:07:39 GMT" time="66.091" errors="0">
  <testcase name="validateEmailBtn" time="33.460" classname="com.purpleAdmin.qa.testcases.WebEmailPrintTestCases"/>
  <testcase name="validatePrintBtn" time="32.631" classname="com.purpleAdmin.qa.testcases.WebEmailPrintTestCases"/>
</testsuite> <!-- com.purpleAdmin.qa.testcases.WebEmailPrintTestCases -->
