<?xml version="1.0" encoding="UTF-8"?>
<!-- Generated by org.testng.reporters.JUnitReportReporter -->
<testsuite skipped="0" hostname="DESKTOP-NJPJ0R9" name="com.purpleAdmin.qa.testcases.WebMapPageTestCases" tests="6" failures="0" timestamp="12 Aug 2020 11:50:10 GMT" time="336.901" errors="0">
  <testcase name="validateMapZoomIn" time="31.834" classname="com.purpleAdmin.qa.testcases.WebMapPageTestCases"/>
  <testcase name="validateMapZoomOut" time="39.700" classname="com.purpleAdmin.qa.testcases.WebMapPageTestCases"/>
  <testcase name="validateMapRotateRight" time="154.447" classname="com.purpleAdmin.qa.testcases.WebMapPageTestCases"/>
  <testcase name="validateKeyLegends" time="36.682" classname="com.purpleAdmin.qa.testcases.WebMapPageTestCases"/>
  <testcase name="validateMapRotateLeft" time="31.981" classname="com.purpleAdmin.qa.testcases.WebMapPageTestCases"/>
  <testcase name="validateMapRecenter" time="42.257" classname="com.purpleAdmin.qa.testcases.WebMapPageTestCases"/>
</testsuite> <!-- com.purpleAdmin.qa.testcases.WebMapPageTestCases -->
