<?xml version="1.0" encoding="UTF-8"?>
<!-- Generated by org.testng.reporters.JUnitReportReporter -->
<testsuite skipped="0" hostname="DESKTOP-NJPJ0R9" name="com.purpleAdmin.qa.testcases.WebFileUploadTestCase" tests="1" failures="0" timestamp="12 Aug 2020 07:14:57 GMT" time="1.811" errors="0">
  <testcase name="SendReportToBlob" time="1.811" classname="com.purpleAdmin.qa.testcases.WebFileUploadTestCase"/>
</testsuite> <!-- com.purpleAdmin.qa.testcases.WebFileUploadTestCase -->
