<?xml version="1.0" encoding="UTF-8"?>
<!-- Generated by org.testng.reporters.JUnitReportReporter -->
<testsuite skipped="0" hostname="DESKTOP-NJPJ0R9" name="com.purpleAdmin.qa.testcases.ValidateKioskURLTestCases" tests="1" failures="0" timestamp="10 Aug 2020 14:16:33 GMT" time="83.212" errors="0">
  <testcase name="validateKioskURL" time="83.212" classname="com.purpleAdmin.qa.testcases.ValidateKioskURLTestCases"/>
</testsuite> <!-- com.purpleAdmin.qa.testcases.ValidateKioskURLTestCases -->
