<?xml version="1.0" encoding="UTF-8"?>
<!-- Generated by org.testng.reporters.JUnitReportReporter -->
<testsuite skipped="0" hostname="DESKTOP-NJPJ0R9" name="com.purpleAdmin.qa.testcases.WebHamburgerPageTestCases" tests="2" failures="0" timestamp="15 Jul 2020 14:00:18 GMT" time="44.720" errors="0">
  <testcase name="validateSubmitFeedbackBtn" time="23.291" classname="com.purpleAdmin.qa.testcases.WebHamburgerPageTestCases"/>
  <testcase name="validateFAQsBtn" time="21.429" classname="com.purpleAdmin.qa.testcases.WebHamburgerPageTestCases"/>
</testsuite> <!-- com.purpleAdmin.qa.testcases.WebHamburgerPageTestCases -->
