<?xml version="1.0" encoding="UTF-8"?>
<!-- Generated by org.testng.reporters.JUnitReportReporter -->
<testsuite skipped="0" hostname="DESKTOP-NJPJ0R9" name="com.purpleAdmin.qa.testcases.WebHomePageTestCase" tests="1" failures="0" timestamp="12 Aug 2020 15:59:05 GMT" time="26.901" errors="0">
  <testcase name="validateCompanyLogo" time="26.901" classname="com.purpleAdmin.qa.testcases.WebHomePageTestCase"/>
</testsuite> <!-- com.purpleAdmin.qa.testcases.WebHomePageTestCase -->
