<?xml version="1.0" encoding="UTF-8"?>
<!-- Generated by org.testng.reporters.JUnitReportReporter -->
<testsuite skipped="0" hostname="DESKTOP-NJPJ0R9" name="com.purpleAdmin.qa.testcases.WebMapPageTestCases" tests="6" failures="0" timestamp="12 Aug 2020 07:14:57 GMT" time="479.804" errors="0">
  <testcase name="validateMapZoomIn" time="36.671" classname="com.purpleAdmin.qa.testcases.WebMapPageTestCases"/>
  <testcase name="validateMapZoomOut" time="31.070" classname="com.purpleAdmin.qa.testcases.WebMapPageTestCases"/>
  <testcase name="validateMapRotateLeft" time="32.465" classname="com.purpleAdmin.qa.testcases.WebMapPageTestCases"/>
  <testcase name="validateMapRotateRight" time="158.060" classname="com.purpleAdmin.qa.testcases.WebMapPageTestCases"/>
  <testcase name="validateMapRecenter" time="36.139" classname="com.purpleAdmin.qa.testcases.WebMapPageTestCases"/>
  <testcase name="validateKeyLegends" time="185.399" classname="com.purpleAdmin.qa.testcases.WebMapPageTestCases"/>
</testsuite> <!-- com.purpleAdmin.qa.testcases.WebMapPageTestCases -->
