<?xml version="1.0" encoding="UTF-8"?>
<!-- Generated by org.testng.reporters.JUnitReportReporter -->
<testsuite skipped="0" hostname="DESKTOP-NJPJ0R9" name="com.purpleAdmin.qa.testcases.WebEmailPrintTestCases" tests="1" failures="0" timestamp="15 Jul 2020 14:13:49 GMT" time="38.355" errors="0">
  <testcase name="validatePrintBtn" time="38.355" classname="com.purpleAdmin.qa.testcases.WebEmailPrintTestCases"/>
</testsuite> <!-- com.purpleAdmin.qa.testcases.WebEmailPrintTestCases -->
