<?xml version="1.0" encoding="UTF-8"?>
<!-- Generated by org.testng.reporters.JUnitReportReporter -->
<testsuite skipped="0" hostname="DESKTOP-NJPJ0R9" name="com.purpleAdmin.qa.testcases.WebHamburgerPageTestCases" tests="5" failures="0" timestamp="02 Jul 2020 07:31:22 GMT" time="172.456" errors="0">
  <testcase name="validateSubmitFeedbackBtn" time="26.004" classname="com.purpleAdmin.qa.testcases.WebHamburgerPageTestCases"/>
  <testcase name="validatePrivacyPolicyBtn" time="32.812" classname="com.purpleAdmin.qa.testcases.WebHamburgerPageTestCases"/>
  <testcase name="validateAppOverviewBtn" time="47.300" classname="com.purpleAdmin.qa.testcases.WebHamburgerPageTestCases"/>
  <testcase name="validateEULABtn" time="32.202" classname="com.purpleAdmin.qa.testcases.WebHamburgerPageTestCases"/>
  <testcase name="validateFAQsBtn" time="34.138" classname="com.purpleAdmin.qa.testcases.WebHamburgerPageTestCases"/>
</testsuite> <!-- com.purpleAdmin.qa.testcases.WebHamburgerPageTestCases -->
