<?xml version="1.0" encoding="UTF-8"?>
<!-- Generated by org.testng.reporters.JUnitReportReporter -->
<testsuite skipped="0" hostname="DESKTOP-NJPJ0R9" name="com.purpleAdmin.qa.testcases.WebEmailPrintTestCases" tests="2" failures="0" timestamp="12 Aug 2020 07:14:57 GMT" time="86.680" errors="0">
  <testcase name="validateEmailBtn" time="47.539" classname="com.purpleAdmin.qa.testcases.WebEmailPrintTestCases"/>
  <testcase name="validatePrintBtn" time="39.141" classname="com.purpleAdmin.qa.testcases.WebEmailPrintTestCases"/>
</testsuite> <!-- com.purpleAdmin.qa.testcases.WebEmailPrintTestCases -->
