<?xml version="1.0" encoding="UTF-8"?>
<!-- Generated by org.testng.reporters.JUnitReportReporter -->
<testsuite skipped="0" hostname="DESKTOP-NJPJ0R9" name="com.purpleAdmin.qa.testcases.WebHamburgerPageTestCases" tests="9" failures="0" timestamp="12 Aug 2020 07:14:57 GMT" time="305.559" errors="0">
  <testcase name="validateClearRouteBtn" time="35.214" classname="com.purpleAdmin.qa.testcases.WebHamburgerPageTestCases"/>
  <testcase name="validateEULABtn" time="29.977" classname="com.purpleAdmin.qa.testcases.WebHamburgerPageTestCases"/>
  <testcase name="validateAppOverviewBtn" time="35.042" classname="com.purpleAdmin.qa.testcases.WebHamburgerPageTestCases"/>
  <testcase name="validatePrivacyPolicyBtn" time="31.728" classname="com.purpleAdmin.qa.testcases.WebHamburgerPageTestCases"/>
  <testcase name="validateSubmitFeedbackBtn" time="26.352" classname="com.purpleAdmin.qa.testcases.WebHamburgerPageTestCases"/>
  <testcase name="validateFAQsBtn" time="37.774" classname="com.purpleAdmin.qa.testcases.WebHamburgerPageTestCases"/>
  <testcase name="validateSendFeedback" time="37.391" classname="com.purpleAdmin.qa.testcases.WebHamburgerPageTestCases"/>
  <testcase name="validateEventCaledar" time="33.758" classname="com.purpleAdmin.qa.testcases.WebHamburgerPageTestCases"/>
  <testcase name="validateDownloadMobileApp" time="38.323" classname="com.purpleAdmin.qa.testcases.WebHamburgerPageTestCases"/>
</testsuite> <!-- com.purpleAdmin.qa.testcases.WebHamburgerPageTestCases -->
